\BOOKMARK [1][-]{section*.2}{\376\377\147\000\131\047\155\101}{}% 1
\BOOKMARK [2][-]{subsection*.3}{\376\377\116\214\122\006\126\376\166\370\121\163}{section*.2}% 2
\BOOKMARK [3][-]{subsubsection*.4}{\376\377\133\232\116\111\116\016\173\227\154\325}{subsection*.3}% 3
\BOOKMARK [3][-]{subsubsection*.8}{\376\377\136\224\165\050\116\016\136\372\152\041}{subsection*.3}% 4
\BOOKMARK [2][-]{subsection*.14}{\376\377\147\000\134\017\122\162}{section*.2}% 5
\BOOKMARK [2][-]{subsection*.16}{\376\377\142\306\160\271\142\306\217\271\142\200\135\347}{section*.2}% 6
\BOOKMARK [1][-]{section*.17}{\376\377\215\071\165\050\155\101}{}% 7
\BOOKMARK [2][-]{subsection*.18}{\376\377\173\227\154\325}{section*.17}% 8
\BOOKMARK [2][-]{subsection*.19}{\376\377\136\372\152\041}{section*.17}% 9
\BOOKMARK [3][-]{subsubsection*.20}{\376\377\154\102\000k\147\141\215\357\137\204\136\166\147\000\167\355\215\357}{subsection*.19}% 10
\BOOKMARK [3][-]{subsubsection*.21}{\376\377\147\000\134\017\215\071\165\050\123\357\210\114\155\101}{subsection*.19}% 11
\BOOKMARK [3][-]{subsubsection*.22}{\376\377\136\046\215\037\163\257\166\204\147\000\134\017\215\071\165\050\147\000\131\047\155\101}{subsection*.19}% 12
\BOOKMARK [3][-]{subsubsection*.23}{\376\377\215\071\165\050\116\016\155\101\221\317\142\020\116\013\121\370\121\375\145\160\166\204\147\000\134\017\215\071\165\050\147\000\131\047\155\101}{subsection*.19}% 13
\BOOKMARK [3][-]{subsubsection*.24}{\376\377\154\350\141\017\116\213\230\171}{subsection*.19}% 14
\BOOKMARK [1][-]{section*.25}{\376\377\116\012\116\013\165\114\177\121\176\334\155\101}{}% 15
\BOOKMARK [2][-]{subsection*.26}{\376\377\116\012\116\013\165\114\123\357\210\114\155\101}{section*.25}% 16
\BOOKMARK [2][-]{subsection*.27}{\376\377\116\012\116\013\165\114\000\040\000s\000-\000t\000\040\147\000\131\047\155\101}{section*.25}% 17
\BOOKMARK [2][-]{subsection*.28}{\376\377\116\012\116\013\165\114\000\040\000s\000\040\000-\000\040\000t\000\040\147\000\134\017\155\101}{section*.25}% 18
\BOOKMARK [2][-]{subsection*.29}{\376\377\116\012\116\013\165\114\147\000\134\017\215\071\165\050\123\357\210\114\155\101}{section*.25}% 19
\BOOKMARK [2][-]{subsection*.30}{\376\377\116\012\116\013\165\114\000\040\000s\000-\000t\000\040\147\000\134\017\215\071\165\050\147\000\131\047\155\101}{section*.25}% 20
\BOOKMARK [2][-]{subsection*.31}{\376\377\116\012\116\013\165\114\000\040\000s\000-\000t\000\040\147\000\134\017\215\071\165\050\155\101}{section*.25}% 21
